\BOOKMARK [1][-]{section*.1}{\376\377\000I\000n\000t\000r\000o\000d\000u\000c\000t\000i\000o\000n}{}% 1
\BOOKMARK [2][-]{section*.2}{\376\377\000C\000Y\000C\000L\000E\000\040\0001}{section*.1}% 2
\BOOKMARK [2][-]{section*.3}{\376\377\0001\000.\000\040\000B\000u\000s\000i\000n\000e\000s\000s\000\040\000U\000n\000d\000e\000r\000s\000t\000a\000n\000d\000i\000n\000g\000:}{section*.1}% 3
\BOOKMARK [3][-]{section*.4}{\376\377\0001\000.\0001\000\040\000B\000u\000s\000i\000n\000e\000s\000s\000\040\000O\000b\000j\000e\000c\000t\000i\000v\000e\000s\000\040\000:}{section*.3}% 4
\BOOKMARK [3][-]{section*.5}{\376\377\0001\000.\0002\000\040\000S\000u\000c\000c\000e\000s\000s\000\040\000C\000r\000i\000t\000e\000r\000i\000a\000\040\000:}{section*.3}% 5
\BOOKMARK [3][-]{section*.6}{\376\377\0001\000.\0003\000\040\000D\000a\000t\000a\000\040\000M\000i\000n\000i\000n\000g\000\040\000G\000o\000a\000l\000s\000\040\000:}{section*.3}% 6
\BOOKMARK [3][-]{section*.7}{\376\377\0001\000.\0004\000\040\000R\000e\000s\000e\000a\000r\000c\000h\000\040\000Q\000u\000e\000s\000t\000i\000o\000n\000\040\000:}{section*.3}% 7
\BOOKMARK [2][-]{section*.8}{\376\377\0002\000.\000\040\000D\000a\000t\000a\000\040\000U\000n\000d\000e\000r\000s\000t\000a\000n\000d\000i\000n\000g\000\040\000:}{section*.1}% 8
\BOOKMARK [3][-]{section*.9}{\376\377\0002\000.\0001\000\040\000D\000a\000t\000a\000\040\000C\000o\000l\000l\000e\000c\000t\000i\000o\000n\000\040\000:}{section*.8}% 9
\BOOKMARK [3][-]{section*.10}{\376\377\0002\000.\0002\000\040\000D\000a\000t\000a\000\040\000Q\000u\000a\000l\000i\000t\000y\000\040\000:}{section*.8}% 10
\BOOKMARK [2][-]{section*.11}{\376\377\0003\000.\000\040\000D\000a\000t\000a\000\040\000P\000r\000e\000p\000a\000r\000a\000t\000i\000o\000n\000\040\000:}{section*.1}% 11
\BOOKMARK [3][-]{section*.12}{\376\377\0003\000.\0001\000\040\000D\000a\000t\000a\000\040\000S\000e\000l\000e\000c\000t\000i\000o\000n\000\040\000:}{section*.11}% 12
\BOOKMARK [3][-]{section*.13}{\376\377\0003\000.\0002\000\040\000D\000a\000t\000a\000\040\000C\000l\000e\000a\000n\000i\000n\000g\000\040\000:}{section*.11}% 13
\BOOKMARK [2][-]{section*.14}{\376\377\0004\000.\000\040\000M\000o\000d\000e\000l\000i\000n\000g}{section*.1}% 14
\BOOKMARK [2][-]{section*.15}{\376\377\0005\000.\000\040\000E\000v\000a\000l\000u\000a\000t\000i\000o\000n\000\040\000:}{section*.1}% 15
\BOOKMARK [2][-]{section*.16}{\376\377\000C\000Y\000C\000L\000E\000\040\0002}{section*.1}% 16
\BOOKMARK [2][-]{section*.17}{\376\377\0001\000.\000\040\000B\000u\000s\000i\000n\000e\000s\000s\000\040\000U\000n\000d\000e\000r\000s\000t\000a\000n\000d\000i\000n\000g\000\040\000:}{section*.1}% 17
\BOOKMARK [3][-]{section*.18}{\376\377\0001\000.\0001\000\040\000B\000u\000s\000i\000n\000e\000s\000s\000\040\000O\000b\000j\000e\000c\000t\000i\000v\000e\000s\000\040\000:}{section*.17}% 18
\BOOKMARK [3][-]{section*.19}{\376\377\0001\000.\0002\000\040\000S\000u\000c\000c\000e\000s\000s\000\040\000C\000r\000i\000t\000e\000r\000i\000a\000\040\000:}{section*.17}% 19
\BOOKMARK [3][-]{section*.20}{\376\377\0001\000.\0003\000\040\000D\000a\000t\000a\000\040\000M\000i\000n\000i\000n\000g\000\040\000O\000b\000j\000e\000c\000t\000i\000v\000e\000s\000\040\000:}{section*.17}% 20
\BOOKMARK [3][-]{section*.21}{\376\377\0001\000.\0004\000\040\000R\000e\000s\000e\000a\000r\000c\000h\000\040\000Q\000u\000e\000s\000t\000i\000o\000n\000\040\000:}{section*.17}% 21
\BOOKMARK [2][-]{section*.22}{\376\377\0002\000.\000\040\000D\000a\000t\000a\000\040\000U\000n\000d\000e\000r\000s\000t\000a\000n\000d\000i\000n\000g\000\040\000:}{section*.1}% 22
\BOOKMARK [3][-]{section*.23}{\376\377\0002\000.\0001\000\040\000D\000a\000t\000a\000\040\000C\000o\000l\000l\000e\000c\000t\000i\000o\000n\000\040\000:}{section*.22}% 23
\BOOKMARK [3][-]{section*.24}{\376\377\0002\000.\0002\000\040\000D\000a\000t\000a\000\040\000Q\000u\000a\000l\000i\000t\000y\000\040\000:}{section*.22}% 24
\BOOKMARK [2][-]{section*.25}{\376\377\0003\000.\000\040\000D\000a\000t\000a\000\040\000P\000r\000e\000p\000a\000r\000a\000t\000i\000o\000n}{section*.1}% 25
\BOOKMARK [3][-]{section*.26}{\376\377\0003\000.\0001\000\040\000D\000a\000t\000a\000\040\000S\000e\000l\000e\000c\000t\000i\000o\000n\000\040\000:}{section*.25}% 26
\BOOKMARK [3][-]{section*.27}{\376\377\0003\000.\0002\000\040\000D\000a\000t\000a\000\040\000C\000l\000e\000a\000n\000i\000n\000g\000\040\000:}{section*.25}% 27
\BOOKMARK [2][-]{section*.28}{\376\377\0004\000.\000\040\000M\000o\000d\000e\000l\000i\000n\000g}{section*.1}% 28
\BOOKMARK [2][-]{section*.29}{\376\377\0005\000.\000\040\000E\000v\000a\000l\000u\000a\000t\000i\000o\000n\000\040\000:}{section*.1}% 29
\BOOKMARK [2][-]{section*.30}{\376\377\000D\000e\000p\000l\000o\000y\000m\000e\000n\000t\000\040\000:}{section*.1}% 30
